[2014-11-21 03:47:54] START
[2014-11-21 03:49:36] CREATE db1.py: 0
[2014-11-21 03:51:51] EDIT Library_Management_System/models/db1.py: 4
[2014-11-21 03:56:43] EDIT Library_Management_System/controllers/default.py: -6
[2014-11-21 03:57:50] EDIT Library_Management_System/views/default/index.html: -27
[2014-11-21 04:04:18] EDIT Library_Management_System/views/default/index.html: 4
[2014-11-21 04:05:12] EDIT Library_Management_System/controllers/default.py: 1
[2014-11-21 04:05:47] EDIT Library_Management_System/models/db1.py: 0
[2014-11-21 04:18:20] EDIT Library_Management_System/controllers/default.py: 2
[2014-11-21 04:19:24] CREATE create.html: 0
[2014-11-21 04:19:48] EDIT Library_Management_System/views/create.html: 2
[2014-11-21 04:20:26] EDIT Library_Management_System/views/create.html: 0
[2014-11-21 04:21:25] DELETE Library_Management_System/views/create.html: -5
[2014-11-21 04:21:43] CREATE default/create.html: 0
[2014-11-21 04:22:00] EDIT Library_Management_System/views/default/create.html: 2
[2014-11-21 04:22:59] EDIT Library_Management_System/views/default/index.html: -4
[2014-11-21 04:28:12] EDIT Library_Management_System/views/default/index.html: 9
[2014-11-21 04:29:00] EDIT Library_Management_System/views/default/index.html: -1
[2014-11-21 04:32:23] EDIT Library_Management_System/controllers/default.py: 1
[2014-11-21 04:33:16] EDIT Library_Management_System/models/db1.py: 0
[2014-11-21 04:34:10] EDIT Library_Management_System/controllers/default.py: 0
[2014-11-21 04:38:37] EDIT Library_Management_System/models/menu.py: 2
[2014-11-21 04:41:09] EDIT Library_Management_System/models/menu.py: -104
[2014-11-21 04:46:10] EDIT Library_Management_System/controllers/default.py: 3
[2014-11-21 04:49:45] EDIT Library_Management_System/controllers/default.py: 1
[2014-11-21 04:51:03] EDIT Library_Management_System/controllers/default.py: -1
[2014-11-21 04:55:30] EDIT Library_Management_System/controllers/default.py: 0
[2014-11-21 04:57:49] EDIT Library_Management_System/controllers/default.py: -3
[2014-11-21 04:59:32] EDIT Library_Management_System/controllers/default.py: 4
[2014-11-21 05:14:51] EDIT Library_Management_System/controllers/default.py: -4
[2014-11-21 05:14:58] EDIT Library_Management_System/models/menu.py: 1
[2014-11-21 05:27:42] EDIT Library_Management_System/controllers/default.py: 6
[2014-11-21 05:28:38] EDIT Library_Management_System/models/menu.py: 1
[2014-11-21 05:29:17] EDIT Library_Management_System/controllers/default.py: 0
[2014-11-21 05:32:49] EDIT Library_Management_System/models/db1.py: 2
[2014-11-21 05:33:10] EDIT Library_Management_System/models/db1.py: 0
[2014-11-21 05:34:23] EDIT Library_Management_System/views/default/index.html: 2
[2014-11-21 05:36:11] EDIT Library_Management_System/views/default/index.html: 0
[2014-11-21 08:18:25] EDIT Library_Management_System/controllers/default.py: 0
[2014-11-21 08:19:40] EDIT Library_Management_System/controllers/default.py: 0
[2014-11-21 08:20:04] EDIT Library_Management_System/controllers/default.py: 0
[2014-11-21 08:21:17] EDIT Library_Management_System/controllers/default.py: 0
[2014-11-21 08:30:44] EDIT Library_Management_System/models/menu.py: 3
[2014-11-21 08:33:24] EDIT Library_Management_System/models/db1.py: 6
[2014-11-21 08:34:21] EDIT Library_Management_System/controllers/default.py: 4
[2014-11-21 08:34:44] EDIT Library_Management_System/controllers/default.py: 0
[2014-11-21 08:35:06] EDIT Library_Management_System/models/db1.py: 0
[2014-11-21 08:35:30] EDIT Library_Management_System/models/db1.py: 0
[2014-11-21 08:35:57] EDIT Library_Management_System/controllers/default.py: -1
[2014-11-21 08:37:10] EDIT Library_Management_System/controllers/default.py: 0
[2014-11-21 08:38:50] EDIT Library_Management_System/models/menu.py: -2
[2014-11-21 08:40:53] EDIT Library_Management_System/models/db1.py: 0
[2014-11-21 08:42:17] EDIT Library_Management_System/models/db1.py: 1
[2014-11-21 08:46:26] EDIT Library_Management_System/models/menu.py: 2
[2014-11-21 08:46:55] EDIT Library_Management_System/models/menu.py: 0
[2014-11-21 08:48:26] EDIT Library_Management_System/models/menu.py: 0
[2014-11-21 08:53:17] EDIT Library_Management_System/models/menu.py: 0
[2014-11-21 08:57:08] EDIT Library_Management_System/models/menu.py: 0
[2014-11-21 08:59:32] EDIT Library_Management_System/models/db1.py: 1
[2014-11-21 09:00:02] EDIT Library_Management_System/models/db1.py: 0
[2014-11-21 09:05:37] EDIT Library_Management_System/models/db1.py: 0
[2014-11-21 09:09:24] EDIT Library_Management_System/controllers/default.py: 3
[2014-11-21 09:18:14] EDIT Library_Management_System/controllers/default.py: 0
[2014-11-21 09:50:39] EDIT Library_Management_System/models/menu.py: -2
[2014-11-21 09:51:01] EDIT Library_Management_System/models/menu.py: 0
[2014-11-21 09:54:46] EDIT Library_Management_System/views/default/index.html: 1
[2014-11-21 09:56:06] CREATE default/create1.html: 0
[2014-11-21 09:56:23] EDIT Library_Management_System/views/default/create1.html: 12
[2014-11-21 09:56:55] EDIT Library_Management_System/models/menu.py: 0
[2014-11-21 09:58:16] EDIT Library_Management_System/models/menu.py: 0
[2014-11-21 10:01:39] CREATE default/store.html: 0
[2014-11-21 10:01:56] EDIT Library_Management_System/views/default/store.html: 12
[2014-11-21 10:04:02] EDIT Library_Management_System/models/menu.py: 0
[2014-11-21 10:05:57] EDIT Library_Management_System/views/default/store.html: 0
[2014-11-21 10:06:33] EDIT Library_Management_System/views/default/index.html: -1
[2014-11-21 10:07:07] EDIT Library_Management_System/controllers/default.py: 0
[2014-11-21 10:09:36] EDIT Library_Management_System/views/default/index.html: 1
[2014-11-21 10:10:29] EDIT Library_Management_System/controllers/default.py: 0
[2014-11-21 10:11:03] EDIT Library_Management_System/controllers/default.py: 0
[2014-11-21 10:11:14] EDIT Library_Management_System/views/default/index.html: 0
[2014-11-21 10:12:12] EDIT Library_Management_System/controllers/default.py: 0
[2014-11-21 10:12:17] EDIT Library_Management_System/views/default/index.html: 0
[2014-11-21 10:13:44] EDIT Library_Management_System/views/default/index.html: -1
[2014-11-21 10:13:46] EDIT Library_Management_System/controllers/default.py: -3
[2014-11-21 10:22:19] EDIT Library_Management_System/controllers/default.py: -3
[2014-11-21 10:23:19] EDIT Library_Management_System/models/menu.py: 0
[2014-11-21 10:23:35] EDIT Library_Management_System/controllers/default.py: 0
[2014-11-21 10:27:20] EDIT Library_Management_System/controllers/default.py: 3
[2014-11-21 10:27:33] EDIT Library_Management_System/views/default/index.html: 1
[2014-11-21 10:30:11] EDIT Library_Management_System/controllers/default.py: 0
[2014-11-21 10:31:13] EDIT Library_Management_System/controllers/default.py: 0
[2014-11-21 10:31:40] EDIT Library_Management_System/controllers/default.py: 0
[2014-11-21 10:31:43] EDIT Library_Management_System/views/default/index.html: -1
[2014-11-21 10:32:48] EDIT Library_Management_System/controllers/default.py: 0
[2014-11-21 10:57:14] EDIT Library_Management_System/controllers/default.py: 0
[2014-11-21 11:01:55] EDIT Library_Management_System/models/menu.py: 2
[2014-11-21 11:02:20] EDIT Library_Management_System/models/menu.py: 0
[2014-11-21 11:03:00] EDIT Library_Management_System/models/menu.py: 0
[2014-11-21 11:08:57] EDIT Library_Management_System/controllers/default.py: 0
[2014-11-21 11:09:12] EDIT Library_Management_System/controllers/default.py: 0
[2014-11-21 11:13:38] EDIT Library_Management_System/models/menu.py: 0
[2014-11-21 11:16:51] EDIT Library_Management_System/controllers/default.py: 0
[2014-11-21 11:17:20] CREATE default/show.html: 0
[2014-11-21 11:17:27] DELETE Library_Management_System/views/default/store.html: -15
[2014-11-21 11:18:51] EDIT Library_Management_System/views/default/show.html: -1
[2014-11-21 11:19:38] EDIT Library_Management_System/views/default/show.html: 0
[2014-11-21 11:21:03] EDIT Library_Management_System/models/menu.py: 0
[2014-11-21 11:26:54] EDIT Library_Management_System/models/db1.py: 2
[2014-11-21 11:27:03] EDIT Library_Management_System/views/default/show.html: 10
[2014-11-21 11:28:06] EDIT Library_Management_System/views/default/show.html: 0
[2014-11-21 11:28:38] EDIT Library_Management_System/views/default/show.html: 0
[2014-11-21 11:29:19] EDIT Library_Management_System/views/default/show.html: 0
[2014-11-21 11:32:25] EDIT Library_Management_System/views/default/show.html: 13
[2014-11-21 11:33:33] EDIT Library_Management_System/models/menu.py: 0
[2014-11-21 11:36:02] EDIT Library_Management_System/views/default/show.html: -11
[2014-11-21 11:40:16] EDIT Library_Management_System/models/menu.py: 0
[2014-11-21 11:41:45] EDIT Library_Management_System/models/db1.py: 0
[2014-11-21 11:47:53] EDIT Library_Management_System/models/menu.py: 0
[2015-01-10 17:24:57] EDIT Library_Management_System/models/db.py: 0
[2015-01-10 17:25:57] EDIT Library_Management_System/controllers/default.py: 3
[2015-01-10 17:26:39] EDIT Library_Management_System/controllers/default.py: 0
[2015-01-10 17:28:26] EDIT Library_Management_System/models/db.py: 0
[2015-01-10 17:32:12] EDIT Library_Management_System/models/db.py: 0
[2015-01-10 17:35:12] EDIT Library_Management_System/models/db.py: 0
