[2014-12-15 15:53:04] START
[2014-12-15 15:58:45] EDIT Stack/controllers/default.py: -6
[2014-12-15 15:59:58] EDIT Stack/views/default/index.html: -29
[2014-12-15 16:00:37] EDIT Stack/controllers/default.py: 0
[2014-12-15 16:00:37] EDIT Stack/controllers/default.py: 0
[2014-12-15 16:00:39] EDIT Stack/views/default/index.html: 0
[2014-12-15 16:00:39] EDIT Stack/views/default/index.html: 0
[2014-12-15 16:03:37] EDIT Stack/models/db.py: 12
[2014-12-15 16:03:37] EDIT Stack/models/db.py: 0
[2014-12-15 16:03:37] EDIT Stack/models/db.py: 0
[2014-12-15 16:05:08] EDIT Stack/models/db.py: 0
[2014-12-15 16:05:09] EDIT Stack/models/db.py: 0
[2014-12-15 16:06:40] EDIT Stack/models/menu.py: 0
[2014-12-15 16:07:11] EDIT Stack/models/menu.py: -104
[2014-12-15 16:07:11] EDIT Stack/models/menu.py: 0
[2014-12-15 16:07:12] EDIT Stack/models/menu.py: 0
[2014-12-15 16:07:37] EDIT Stack/models/menu.py: 0
[2014-12-15 16:10:36] EDIT Stack/controllers/default.py: 1
[2014-12-15 16:12:55] EDIT Stack/views/default/index.html: 9
[2014-12-15 16:13:38] EDIT Stack/views/default/index.html: 0
[2014-12-15 16:13:55] EDIT Stack/controllers/default.py: 0
[2014-12-15 16:14:12] EDIT Stack/views/default/index.html: 0
[2014-12-15 16:14:13] EDIT Stack/views/default/index.html: 0
[2014-12-15 16:14:19] EDIT Stack/views/default/index.html: 0
[2014-12-15 16:14:19] EDIT Stack/views/default/index.html: 0
[2014-12-15 16:15:28] EDIT Stack/models/db.py: 1
[2014-12-15 16:16:38] EDIT Stack/views/default/index.html: 0
[2014-12-15 16:18:44] EDIT Stack/controllers/default.py: 3
[2014-12-15 16:19:05] EDIT Stack/controllers/default.py: 0
[2014-12-15 16:20:19] CREATE default/show._html: 0
[2014-12-15 16:20:54] DELETE Stack/views/default/show._html: 0
[2014-12-15 16:21:04] CREATE default/show.html: 0
[2014-12-15 16:21:52] EDIT Stack/views/default/show.html: 0
[2014-12-15 16:24:06] EDIT Stack/views/default/index.html: 0
[2014-12-15 16:27:16] EDIT Stack/views/default/show.html: 5
[2014-12-15 16:27:17] EDIT Stack/views/default/show.html: 0
[2014-12-15 16:27:17] EDIT Stack/views/default/show.html: 0
[2014-12-15 16:27:35] EDIT Stack/views/default/show.html: 0
[2014-12-15 16:28:09] EDIT Stack/views/default/index.html: 0
[2014-12-15 16:28:29] EDIT Stack/views/default/index.html: 0
[2014-12-15 16:30:27] EDIT Stack/controllers/default.py: 0
[2014-12-15 16:30:43] EDIT Stack/controllers/default.py: 0
[2014-12-15 16:34:48] EDIT Stack/views/default/index.html: -1
[2014-12-15 16:36:25] CREATE default/create.html: 0
[2014-12-15 16:36:39] EDIT Stack/views/default/create.html: -1
[2014-12-15 16:36:44] EDIT Stack/views/default/index.html: -1
[2014-12-15 16:36:44] EDIT Stack/views/default/index.html: 0
[2014-12-15 16:37:38] EDIT Stack/controllers/default.py: 2
[2014-12-15 16:38:50] EDIT Stack/models/menu.py: 1
[2014-12-15 16:39:22] EDIT Stack/models/menu.py: 0
[2014-12-15 16:40:22] EDIT Stack/controllers/default.py: 1
[2014-12-15 16:41:06] EDIT Stack/models/menu.py: 0
[2014-12-15 16:43:00] EDIT Stack/controllers/default.py: 2
[2014-12-15 16:43:24] EDIT Stack/controllers/default.py: 0
[2014-12-15 16:44:21] EDIT Stack/controllers/default.py: 1
[2014-12-15 16:44:37] EDIT Stack/controllers/default.py: 0
[2014-12-15 16:44:37] EDIT Stack/controllers/default.py: 0
[2014-12-15 16:45:24] EDIT Stack/controllers/default.py: 1
[2014-12-15 16:46:36] EDIT Stack/controllers/default.py: 1
[2014-12-15 16:54:43] EDIT Stack/views/default/index.html: 0
[2014-12-15 16:54:43] EDIT Stack/views/default/index.html: 0
[2014-12-15 16:54:43] EDIT Stack/views/default/index.html: 0
[2014-12-15 16:56:53] EDIT Stack/views/default/show.html: 1
[2014-12-15 16:56:54] EDIT Stack/views/default/show.html: 0
[2014-12-15 16:56:54] EDIT Stack/views/default/show.html: 0
[2014-12-15 16:57:53] EDIT Stack/views/default/show.html: 0
[2014-12-15 16:59:03] EDIT Stack/views/default/show.html: 1
[2014-12-15 16:59:03] EDIT Stack/views/default/show.html: 0
[2014-12-15 16:59:31] EDIT Stack/views/default/show.html: 0
[2014-12-15 17:17:45] EDIT Stack/models/db.py: 4
[2014-12-15 17:20:30] EDIT Stack/controllers/default.py: 21
[2014-12-15 17:21:40] EDIT Stack/controllers/default.py: -5
[2014-12-15 17:23:54] EDIT Stack/controllers/default.py: -11
[2014-12-15 17:24:12] EDIT Stack/controllers/default.py: -5
[2014-12-15 17:24:34] EDIT Stack/controllers/default.py: 0
[2014-12-15 17:24:34] EDIT Stack/controllers/default.py: 0
[2014-12-15 17:24:34] EDIT Stack/controllers/default.py: 0
[2014-12-15 17:25:46] EDIT Stack/models/db.py: 0
[2014-12-15 17:25:47] EDIT Stack/models/db.py: 0
[2014-12-15 17:26:11] EDIT Stack/models/db.py: 0
[2014-12-15 17:27:41] EDIT Stack/models/db.py: 0
[2014-12-15 17:27:41] EDIT Stack/models/db.py: 0
[2014-12-15 17:28:51] EDIT Stack/models/db.py: 0
[2014-12-15 17:29:41] EDIT Stack/controllers/default.py: 16
[2014-12-15 17:29:41] EDIT Stack/controllers/default.py: 0
[2014-12-15 17:33:36] CREATE default/view_comment.html: 0
[2014-12-15 17:34:22] EDIT Stack/views/default/view_comment.html: 6
[2014-12-15 17:34:22] EDIT Stack/views/default/view_comment.html: 0
[2014-12-15 17:34:22] EDIT Stack/views/default/view_comment.html: 0
[2014-12-15 17:36:05] EDIT Stack/controllers/default.py: 9
[2014-12-15 17:36:05] EDIT Stack/controllers/default.py: 0
[2014-12-15 17:39:15] EDIT Stack/controllers/default.py: -1
[2014-12-15 17:39:15] EDIT Stack/controllers/default.py: 0
[2014-12-15 17:39:40] EDIT Stack/controllers/default.py: 0
[2014-12-15 17:39:41] EDIT Stack/controllers/default.py: 0
[2014-12-15 17:39:41] EDIT Stack/controllers/default.py: 0
[2014-12-15 17:40:04] EDIT Stack/views/default/show.html: 6
[2014-12-15 17:40:04] EDIT Stack/views/default/show.html: 0
[2014-12-15 17:44:43] EDIT Stack/views/default/show.html: -6
[2014-12-15 17:44:43] EDIT Stack/views/default/show.html: 0
[2014-12-15 17:45:28] CREATE default/post_comment.html: 0
[2014-12-15 17:46:35] EDIT Stack/views/default/post_comment.html: -1
[2014-12-15 17:47:55] EDIT Stack/views/default/view_comment.html: 0
[2014-12-15 17:47:55] EDIT Stack/views/default/view_comment.html: 0
[2014-12-15 17:47:55] EDIT Stack/views/default/view_comment.html: 0
[2014-12-15 17:51:46] EDIT Stack/views/default/view_comment.html: 4
[2014-12-15 17:51:46] EDIT Stack/views/default/view_comment.html: 0
[2014-12-15 17:52:24] EDIT Stack/views/default/view_comment.html: -5
[2014-12-15 17:52:25] EDIT Stack/views/default/view_comment.html: 0
[2014-12-15 17:52:25] EDIT Stack/views/default/view_comment.html: 0
[2014-12-15 17:52:38] EDIT Stack/views/default/show.html: 5
[2014-12-15 17:52:38] EDIT Stack/views/default/show.html: 0
[2014-12-15 17:53:32] EDIT Stack/views/default/show.html: 0
[2014-12-15 17:53:33] EDIT Stack/views/default/show.html: 0
[2014-12-15 17:53:33] EDIT Stack/views/default/show.html: 0
[2014-12-15 17:54:28] EDIT Stack/views/default/show.html: 0
[2014-12-15 17:54:55] EDIT Stack/views/default/show.html: -1
[2014-12-15 17:54:55] EDIT Stack/views/default/show.html: 0
[2014-12-15 17:54:55] EDIT Stack/views/default/show.html: 0
[2014-12-15 17:56:30] EDIT Stack/controllers/default.py: -8
[2014-12-15 17:56:31] EDIT Stack/controllers/default.py: 0
[2014-12-15 17:56:31] EDIT Stack/controllers/default.py: 0
[2014-12-15 18:01:30] EDIT Stack/controllers/default.py: 0
[2014-12-15 18:01:31] EDIT Stack/controllers/default.py: 0
[2014-12-15 18:02:39] EDIT Stack/views/default/show.html: -1
[2014-12-15 18:02:39] EDIT Stack/views/default/show.html: 0
[2014-12-15 18:02:39] EDIT Stack/views/default/show.html: 0
[2014-12-15 18:04:05] EDIT Stack/views/default/view_comment.html: -1
[2014-12-15 18:04:05] EDIT Stack/views/default/view_comment.html: 0
[2014-12-15 18:04:06] EDIT Stack/views/default/view_comment.html: 0
[2014-12-15 18:05:06] EDIT Stack/views/default/view_comment.html: 2
[2014-12-15 18:06:13] EDIT Stack/views/default/view_comment.html: 0
[2014-12-15 18:06:13] EDIT Stack/views/default/view_comment.html: 0
[2014-12-15 18:06:13] EDIT Stack/views/default/view_comment.html: 0
[2014-12-15 18:07:13] EDIT Stack/controllers/default.py: 0
[2014-12-15 18:08:13] EDIT Stack/models/db.py: 0
[2014-12-15 18:11:32] EDIT Stack/controllers/default.py: 0
[2014-12-15 18:11:33] EDIT Stack/controllers/default.py: 0
[2014-12-15 18:13:22] EDIT Stack/views/default/view_comment.html: 0
[2014-12-15 18:13:23] EDIT Stack/views/default/view_comment.html: 0
[2014-12-15 18:14:22] EDIT Stack/models/db.py: 0
[2014-12-15 18:14:22] EDIT Stack/models/db.py: 0
[2014-12-15 18:14:27] EDIT Stack/views/default/view_comment.html: 0
[2014-12-15 18:14:27] EDIT Stack/views/default/view_comment.html: 0
[2014-12-15 18:14:27] EDIT Stack/views/default/view_comment.html: 0
[2014-12-15 18:14:56] EDIT Stack/views/default/view_comment.html: 0
[2014-12-15 18:16:56] EDIT Stack/views/default/view_comment.html: 0
[2014-12-15 18:16:56] EDIT Stack/views/default/view_comment.html: 0
[2014-12-15 18:18:46] EDIT Stack/views/default/view_comment.html: -2
[2014-12-15 18:24:37] EDIT Stack/views/default/view_comment.html: 2
[2014-12-15 22:52:53] EDIT stack/models/db.py: 0
[2014-12-15 22:53:37] EDIT stack/models/db.py: 0
[2014-12-15 22:53:39] EDIT stack/models/db.py: 0
[2014-12-15 23:47:57] EDIT stack/views/layout.html: -1
[2014-12-15 23:51:51] EDIT stack/views/layout.html: 4
[2014-12-15 23:53:44] EDIT stack/views/layout.html: -3
[2014-12-15 23:56:22] EDIT stack/views/layout.html: 0
[2014-12-15 23:59:14] EDIT stack/views/layout.html: 0
[2014-12-16 00:00:21] EDIT stack/views/layout.html: 3
[2014-12-16 00:01:40] EDIT stack/views/layout.html: 0
[2014-12-16 00:06:09] UPLOAD C:/Users/abhay/AppData/Local/Temp/Rar$EXa0.672/web2py/applications/stack/static/logo: 57
[2014-12-16 00:06:41] EDIT stack/views/layout.html: 1
[2014-12-16 00:11:06] UPLOAD C:/Users/abhay/AppData/Local/Temp/Rar$EXa0.672/web2py/applications/stack/static/bg: 263
[2014-12-16 00:12:47] EDIT stack/views/layout.html: -4
[2014-12-16 00:14:30] EDIT stack/views/layout.html: 2
[2014-12-16 00:29:42] UPLOAD C:/Users/abhay/AppData/Local/Temp/Rar$EXa0.672/web2py/applications/stack/static/ii: 30
[2014-12-16 00:30:40] EDIT stack/views/layout.html: 0
[2014-12-16 00:31:52] EDIT stack/views/layout.html: 0
[2014-12-16 00:33:07] EDIT stack/views/layout.html: 0
[2014-12-16 00:33:23] EDIT stack/views/layout.html: 0
[2014-12-16 00:41:38] UPLOAD C:/Users/abhay/AppData/Local/Temp/Rar$EXa0.672/web2py/applications/stack/static/fb: 75
[2014-12-16 00:42:00] UPLOAD C:/Users/abhay/AppData/Local/Temp/Rar$EXa0.672/web2py/applications/stack/static/tw: 93
[2014-12-16 00:46:41] EDIT stack/views/layout.html: 1
[2014-12-16 00:47:43] EDIT stack/views/layout.html: 0
[2014-12-16 00:48:16] EDIT stack/views/layout.html: 0
[2014-12-16 00:50:24] EDIT stack/views/layout.html: 0
[2014-12-16 00:55:58] EDIT stack/models/menu.py: 1
[2014-12-16 00:58:12] EDIT stack/views/layout.html: 0
[2014-12-16 00:59:11] EDIT stack/views/layout.html: 0
[2014-12-16 01:06:54] EDIT stack/views/layout.html: 1
[2014-12-16 01:08:56] EDIT stack/views/layout.html: 0
[2014-12-16 01:09:00] EDIT stack/views/layout.html: 0
[2014-12-16 01:09:33] EDIT stack/views/layout.html: 0
[2014-12-16 01:10:41] EDIT stack/views/layout.html: 0
[2014-12-16 01:11:29] EDIT stack/views/layout.html: 0
[2014-12-16 01:14:25] EDIT stack/views/layout.html: -1
[2014-12-16 23:06:18] EDIT stack/views/layout.html: 1
[2014-12-16 23:09:53] EDIT stack/views/layout.html: 0
[2014-12-16 23:10:05] EDIT stack/views/layout.html: 0
[2014-12-16 23:13:41] EDIT stack/views/layout.html: -1
[2014-12-16 23:14:38] EDIT stack/views/default/view_comment.html: 1
[2014-12-16 23:23:22] EDIT stack/views/default/view_comment.html: 0
[2014-12-16 23:28:15] EDIT stack/views/default/view_comment.html: 0
[2014-12-16 23:30:20] EDIT stack/views/default/view_comment.html: 1
[2014-12-16 23:31:02] EDIT stack/views/default/view_comment.html: 0
[2014-12-16 23:36:20] EDIT stack/views/default/view_comment.html: 0
[2014-12-16 23:37:17] EDIT stack/views/default/view_comment.html: 0
[2014-12-16 23:38:12] EDIT stack/views/default/view_comment.html: 0
[2014-12-16 23:41:03] EDIT stack/views/default/view_comment.html: 0
[2014-12-16 23:43:04] EDIT stack/views/default/view_comment.html: 0
[2014-12-16 23:45:16] EDIT stack/views/default/view_comment.html: 0
[2014-12-16 23:55:56] EDIT stack/views/default/view_comment.html: 0
[2014-12-16 23:59:28] EDIT stack/views/default/view_comment.html: 0
[2014-12-17 00:02:54] EDIT stack/views/default/view_comment.html: 0
[2014-12-17 00:06:17] EDIT stack/views/default/view_comment.html: -1
[2014-12-17 00:07:26] EDIT stack/views/default/view_comment.html: 1
[2014-12-17 00:13:17] EDIT stack/views/default/view_comment.html: 0
[2014-12-17 00:19:12] EDIT stack/views/default/post_comment.html: 0
[2014-12-17 00:20:04] EDIT stack/views/default/post_comment.html: 0
[2014-12-17 00:20:37] EDIT stack/views/default/post_comment.html: 0
[2014-12-17 00:21:20] EDIT stack/views/default/post_comment.html: 0
[2014-12-17 00:24:36] EDIT stack/controllers/default.py: 0
[2014-12-17 00:25:05] EDIT stack/controllers/default.py: 0
